#
# A fatal error has been detected by the Java Runtime Environment:
#
#  SIGSEGV (0xb) at pc=0x000000011b0e94cc, pid=4241, tid=49671
#
# JRE version: Java(TM) SE Runtime Environment (8.0_31-b13) (build 1.8.0_31-b13)
# Java VM: Java HotSpot(TM) 64-Bit Server VM (25.31-b07 mixed mode bsd-amd64 compressed oops)
# Problematic frame:
# C  [libawt_lwawt.dylib+0x1b4cc]  OGLSD_SetScratchSurface+0x33
#
# Failed to write core dump. Core dumps have been disabled. To enable core dumping, try "ulimit -c unlimited" before starting Java again
#
# If you would like to submit a bug report, please visit:
#   http://bugreport.java.com/bugreport/crash.jsp
# The crash happened outside the Java Virtual Machine in native code.
# See problematic frame for where to report the bug.
#

---------------  T H R E A D  ---------------

Current thread (0x00007fbcd4160800):  JavaThread "Java2D Queue Flusher" daemon [_thread_in_native, id=49671, stack(0x00007000012d6000,0x00007000013d6000)]

siginfo: si_signo: 11 (SIGSEGV), si_code: 0 (unknown), si_addr: 0x0000000000000000

Registers:
RAX=0x00000000ffffffff, RBX=0x00007fbcd41609e8, RCX=0x0000000000000047, RDX=0x000000011b109ad0
RSP=0x00007000013d5730, RBP=0x00007000013d5750, RSI=0x00007fbcd2d91980, RDI=0x00007fbcd41609e8
R8 =0x00000000000009d1, R9 =0x00007fbcd2d94d40, R10=0x0000000106578db8, R11=0x0000000106577a00
R12=0x0000000000000000, R13=0x00007000013d58e8, R14=0xe1ddeca4c9cb798d, R15=0x00007fbcd4160800
RIP=0x000000011b0e94cc, EFLAGS=0x0000000000010202, ERR=0x0000000000000000
  TRAPNO=0x000000000000000d

Top of Stack: (sp=0x00007000013d5730)
0x00007000013d5730:   00007fbcd2d91980 0000000000000000
0x00007000013d5740:   00007fbcd4896c10 00007fbcd4160800
0x00007000013d5750:   00007000013d57d0 000000011b1095ae
0x00007000013d5760:   00007fbcd2d8c100 0000000200000001
0x00007000013d5770:   0000000000000000 00007000013d5800
0x00007000013d5780:   0000000000000000 0000000000000000
0x00007000013d5790:   00007000013d57d0 00007fbcd4896c20
0x00007000013d57a0:   0000000000f95c70 00007fbcd41609e8
0x00007000013d57b0:   00000001183e6880 0000000000000000
0x00007000013d57c0:   00007000013d5968 00007fbcd4160800
0x00007000013d57d0:   00007000013d5820 0000000106578e2a
0x00007000013d57e0:   0000000780991118 00000001059050a8
0x00007000013d57f0:   0000000000000064 0000000000000000
0x00007000013d5800:   0000000000000064 00007fbcd2d8b948
0x00007000013d5810:   00007000013d5870 000000010572be83
0x00007000013d5820:   00007000013d5940 0000000106577ffc
0x00007000013d5830:   0000000000000001 00007fbcd2d8c8f0
0x00007000013d5840:   0000000780991100 00007fbcd4160800
0x00007000013d5850:   00007fbcd4160800 0000000117c36a08
0x00007000013d5860:   00007000013d5968 00007fbcd4160800
0x00007000013d5870:   00007000013d58c0 000000010655db68
0x00007000013d5880:   0000000780991118 0000000106543a26
0x00007000013d5890:   00007000013d5940 0000000106577a5c
0x00007000013d58a0:   0000000117fa9418 00007000013d58e8
0x00007000013d58b0:   0000000117faa2c0 0000000000000000
0x00007000013d58c0:   00007000013d5940 000000010632698d
0x00007000013d58d0:   00007000013d5940 000000010632698d
0x00007000013d58e0:   000000010632698d 0000000780991118
0x00007000013d58f0:   0000000000000001 00000007809911f0
0x00007000013d5900:   00007000013d58f0 00000001180021a9
0x00007000013d5910:   00007000013d5968 000000011805df68
0x00007000013d5920:   0000000000000000 00000001180022b0 

Instructions: (pc=0x000000011b0e94cc)
0x000000011b0e94ac:   00 00 48 8d 15 40 72 03 00 30 c0 be 01 00 00 00
0x000000011b0e94bc:   e8 1b 9b 02 00 31 c0 eb 6d 48 89 fb 4c 8b 76 10
0x000000011b0e94cc:   4d 8b 3e 30 c0 e8 f8 9f 02 00 49 8b 3f 49 89 c4
0x000000011b0e94dc:   48 8b 35 3d f0 05 00 30 c0 e8 3a a1 02 00 48 85 

Register to memory mapping:

RAX=0x00000000ffffffff is an unknown value
RBX=0x00007fbcd41609e8 is an unknown value
RCX=0x0000000000000047 is an unknown value
RDX=0x000000011b109ad0: Java_sun_java2d_opengl_OGLRenderQueue_flushBuffer+0xb5c in /Library/Java/JavaVirtualMachines/jdk1.8.0_31.jdk/Contents/Home/jre/lib/libawt_lwawt.dylib at 0x000000011b0ce000
RSP=0x00007000013d5730 is pointing into the stack for thread: 0x00007fbcd4160800
RBP=0x00007000013d5750 is pointing into the stack for thread: 0x00007fbcd4160800
RSI=0x00007fbcd2d91980 is an unknown value
RDI=0x00007fbcd41609e8 is an unknown value
R8 =0x00000000000009d1 is an unknown value
R9 =0x00007fbcd2d94d40 is an unknown value
R10=0x0000000106578db8 is at entry_point+56 in (nmethod*)0x0000000106578c10
R11=0x0000000106577a00 is at entry_point+0 in (nmethod*)0x0000000106577890
R12=0x0000000000000000 is an unknown value
R13=0x00007000013d58e8 is pointing into the stack for thread: 0x00007fbcd4160800
R14=0xe1ddeca4c9cb798d is an unknown value
R15=0x00007fbcd4160800 is a thread


Stack: [0x00007000012d6000,0x00007000013d6000],  sp=0x00007000013d5730,  free space=1021k
Native frames: (J=compiled Java code, j=interpreted, Vv=VM code, C=native code)
C  [libawt_lwawt.dylib+0x1b4cc]  OGLSD_SetScratchSurface+0x33
C  [libawt_lwawt.dylib+0x3b5ae]  Java_sun_java2d_opengl_OGLRenderQueue_flushBuffer+0x63a
J 583  sun.java2d.opengl.OGLRenderQueue.flushBuffer(JI)V (0 bytes) @ 0x0000000106578e2a [0x0000000106578d80+0xaa]
J 578 C1 sun.java2d.opengl.OGLRenderQueue.flushBuffer()V (41 bytes) @ 0x0000000106577ffc [0x0000000106577da0+0x25c]
J 577 C1 sun.java2d.opengl.OGLRenderQueue.access$100(Lsun/java2d/opengl/OGLRenderQueue;)V (5 bytes) @ 0x0000000106577a5c [0x0000000106577a00+0x5c]
j  sun.java2d.opengl.OGLRenderQueue$QueueFlusher.run()V+81
v  ~StubRoutines::call_stub
V  [libjvm.dylib+0x2d4442]  JavaCalls::call_helper(JavaValue*, methodHandle*, JavaCallArguments*, Thread*)+0x6ae
V  [libjvm.dylib+0x2d4bd0]  JavaCalls::call_virtual(JavaValue*, KlassHandle, Symbol*, Symbol*, JavaCallArguments*, Thread*)+0x164
V  [libjvm.dylib+0x2d4d7c]  JavaCalls::call_virtual(JavaValue*, Handle, KlassHandle, Symbol*, Symbol*, Thread*)+0x4a
V  [libjvm.dylib+0x32576f]  thread_entry(JavaThread*, Thread*)+0x7c
V  [libjvm.dylib+0x5360cf]  JavaThread::thread_main_inner()+0x9b
V  [libjvm.dylib+0x53780c]  JavaThread::run()+0x1c2
V  [libjvm.dylib+0x45d772]  java_start(Thread*)+0xf6
C  [libsystem_pthread.dylib+0x399d]  _pthread_body+0x83
C  [libsystem_pthread.dylib+0x391a]  _pthread_body+0x0
C  [libsystem_pthread.dylib+0x1351]  thread_start+0xd
C  0x0000000000000000

Java frames: (J=compiled Java code, j=interpreted, Vv=VM code)
J 583  sun.java2d.opengl.OGLRenderQueue.flushBuffer(JI)V (0 bytes) @ 0x0000000106578db8 [0x0000000106578d80+0x38]
J 578 C1 sun.java2d.opengl.OGLRenderQueue.flushBuffer()V (41 bytes) @ 0x0000000106577ffc [0x0000000106577da0+0x25c]
J 577 C1 sun.java2d.opengl.OGLRenderQueue.access$100(Lsun/java2d/opengl/OGLRenderQueue;)V (5 bytes) @ 0x0000000106577a5c [0x0000000106577a00+0x5c]
j  sun.java2d.opengl.OGLRenderQueue$QueueFlusher.run()V+81
v  ~StubRoutines::call_stub

---------------  P R O C E S S  ---------------

Java Threads: ( => current thread )
  0x00007fbcd3970800 JavaThread "AWT-EventQueue-0" [_thread_blocked, id=56067, stack(0x000070000155f000,0x000070000165f000)]
  0x00007fbcd417a800 JavaThread "Java2D Disposer" daemon [_thread_blocked, id=52747, stack(0x00007000013d9000,0x00007000014d9000)]
=>0x00007fbcd4160800 JavaThread "Java2D Queue Flusher" daemon [_thread_in_native, id=49671, stack(0x00007000012d6000,0x00007000013d6000)]
  0x00007fbcd4080800 JavaThread "AWT-Shutdown" [_thread_blocked, id=29203, stack(0x00007000010cd000,0x00007000011cd000)]
  0x00007fbcd3030000 JavaThread "AppKit Thread" daemon [_thread_blocked, id=2571, stack(0x00007fff5abfa000,0x00007fff5b3fa000)]
  0x00007fbcd4828000 JavaThread "Service Thread" daemon [_thread_blocked, id=18435, stack(0x0000700000e44000,0x0000700000f44000)]
  0x00007fbcd4025000 JavaThread "C1 CompilerThread2" daemon [_thread_blocked, id=17923, stack(0x0000700000d41000,0x0000700000e41000)]
  0x00007fbcd3019800 JavaThread "C2 CompilerThread1" daemon [_thread_blocked, id=17411, stack(0x0000700000c3e000,0x0000700000d3e000)]
  0x00007fbcd3017800 JavaThread "C2 CompilerThread0" daemon [_thread_blocked, id=16899, stack(0x0000700000b3b000,0x0000700000c3b000)]
  0x00007fbcd3012000 JavaThread "Signal Dispatcher" daemon [_thread_blocked, id=14095, stack(0x0000700000a38000,0x0000700000b38000)]
  0x00007fbcd4819000 JavaThread "Finalizer" daemon [_thread_blocked, id=12291, stack(0x000070000082f000,0x000070000092f000)]
  0x00007fbcd4818000 JavaThread "Reference Handler" daemon [_thread_blocked, id=11779, stack(0x000070000072c000,0x000070000082c000)]
  0x00007fbcd4004800 JavaThread "main" [_thread_blocked, id=5891, stack(0x000070000011a000,0x000070000021a000)]

Other Threads:
  0x00007fbcd4021000 VMThread [stack: 0x0000700000629000,0x0000700000729000] [id=11267]
  0x00007fbcd385c800 WatcherThread [stack: 0x0000700000f47000,0x0000700001047000] [id=18947]

VM state:not at safepoint (normal execution)

VM Mutex/Monitor currently owned by a thread: None

Heap:
 PSYoungGen      total 18944K, used 435K [0x00000007aab00000, 0x00000007ad000000, 0x00000007c0000000)
  eden space 16384K, 2% used [0x00000007aab00000,0x00000007aab6ce88,0x00000007abb00000)
  from space 2560K, 0% used [0x00000007abb00000,0x00000007abb00000,0x00000007abd80000)
  to   space 2560K, 0% used [0x00000007acd80000,0x00000007acd80000,0x00000007ad000000)
 ParOldGen       total 50688K, used 11633K [0x0000000780000000, 0x0000000783180000, 0x00000007aab00000)
  object space 50688K, 22% used [0x0000000780000000,0x0000000780b5c7a8,0x0000000783180000)
 Metaspace       used 9394K, capacity 9550K, committed 9728K, reserved 1058816K
  class space    used 1126K, capacity 1179K, committed 1280K, reserved 1048576K

Card table byte_map: [0x00000001156df000,0x00000001158e0000] byte_map_base: 0x0000000111adf000

Marking Bits: (ParMarkBitMap*) 0x0000000105c9e410
 Begin Bits: [0x0000000115a36000, 0x0000000116a36000)
 End Bits:   [0x0000000116a36000, 0x0000000117a36000)

Polling page: 0x0000000104ac7000

CodeCache: size=245760Kb used=3149Kb max_used=3149Kb free=242610Kb
 bounds [0x000000010631f000, 0x000000010663f000, 0x000000011531f000]
 total_blobs=1348 nmethods=870 adapters=393
 compilation: enabled

Compilation events (10 events):
Event: 49.032 Thread 0x00007fbcd4025000  866       1       java.awt.Component::getY (5 bytes)
Event: 49.036 Thread 0x00007fbcd4025000 nmethod 866 0x000000010662cb50 code [0x000000010662cca0, 0x000000010662cdb0]
Event: 49.048 Thread 0x00007fbcd4025000  867   !   3       java.awt.EventQueue::getNextEvent (84 bytes)
Event: 49.055 Thread 0x00007fbcd4025000 nmethod 867 0x0000000106630c50 code [0x0000000106630ea0, 0x0000000106631cc8]
Event: 49.055 Thread 0x00007fbcd4025000  868       3       java.awt.EventDispatchThread$HierarchyEventFilter::acceptEvent (225 bytes)
Event: 49.058 Thread 0x00007fbcd4025000 nmethod 868 0x0000000106632390 code [0x00000001066325c0, 0x00000001066338b8]
Event: 49.248 Thread 0x00007fbcd4025000  869       3       java.awt.event.ComponentEvent::<init> (7 bytes)
Event: 49.248 Thread 0x00007fbcd4025000 nmethod 869 0x0000000106633c10 code [0x0000000106633d80, 0x0000000106633f08]
Event: 49.248 Thread 0x00007fbcd4025000  870       3       java.awt.image.PackedColorModel::countBits (44 bytes)
Event: 49.249 Thread 0x00007fbcd4025000 nmethod 870 0x0000000106633f90 code [0x0000000106634100, 0x0000000106634410]

GC Heap History (8 events):
Event: 36.898 GC heap before
{Heap before GC invocations=1 (full 0):
 PSYoungGen      total 18944K, used 14753K [0x00000007aab00000, 0x00000007ac000000, 0x00000007c0000000)
  eden space 16384K, 90% used [0x00000007aab00000,0x00000007ab968668,0x00000007abb00000)
  from space 2560K, 0% used [0x00000007abd80000,0x00000007abd80000,0x00000007ac000000)
  to   space 2560K, 0% used [0x00000007abb00000,0x00000007abb00000,0x00000007abd80000)
 ParOldGen       total 44032K, used 0K [0x0000000780000000, 0x0000000782b00000, 0x00000007aab00000)
  object space 44032K, 0% used [0x0000000780000000,0x0000000780000000,0x0000000782b00000)
 Metaspace       used 9285K, capacity 9488K, committed 9728K, reserved 1058816K
  class space    used 1116K, capacity 1180K, committed 1280K, reserved 1048576K
Event: 36.909 GC heap after
Heap after GC invocations=1 (full 0):
 PSYoungGen      total 18944K, used 2144K [0x00000007aab00000, 0x00000007ac000000, 0x00000007c0000000)
  eden space 16384K, 0% used [0x00000007aab00000,0x00000007aab00000,0x00000007abb00000)
  from space 2560K, 83% used [0x00000007abb00000,0x00000007abd18020,0x00000007abd80000)
  to   space 2560K, 0% used [0x00000007abd80000,0x00000007abd80000,0x00000007ac000000)
 ParOldGen       total 44032K, used 16K [0x0000000780000000, 0x0000000782b00000, 0x00000007aab00000)
  object space 44032K, 0% used [0x0000000780000000,0x0000000780004000,0x0000000782b00000)
 Metaspace       used 9285K, capacity 9488K, committed 9728K, reserved 1058816K
  class space    used 1116K, capacity 1180K, committed 1280K, reserved 1048576K
}
Event: 37.064 GC heap before
{Heap before GC invocations=2 (full 0):
 PSYoungGen      total 18944K, used 16309K [0x00000007aab00000, 0x00000007ac000000, 0x00000007c0000000)
  eden space 16384K, 86% used [0x00000007aab00000,0x00000007ab8d5700,0x00000007abb00000)
  from space 2560K, 83% used [0x00000007abb00000,0x00000007abd18020,0x00000007abd80000)
  to   space 2560K, 0% used [0x00000007abd80000,0x00000007abd80000,0x00000007ac000000)
 ParOldGen       total 44032K, used 16K [0x0000000780000000, 0x0000000782b00000, 0x00000007aab00000)
  object space 44032K, 0% used [0x0000000780000000,0x0000000780004000,0x0000000782b00000)
 Metaspace       used 9382K, capacity 9552K, committed 9728K, reserved 1058816K
  class space    used 1127K, capacity 1180K, committed 1280K, reserved 1048576K
Event: 37.088 GC heap after
Heap after GC invocations=2 (full 0):
 PSYoungGen      total 18944K, used 2064K [0x00000007aab00000, 0x00000007ad000000, 0x00000007c0000000)
  eden space 16384K, 0% used [0x00000007aab00000,0x00000007aab00000,0x00000007abb00000)
  from space 2560K, 80% used [0x00000007abd80000,0x00000007abf84010,0x00000007ac000000)
  to   space 2560K, 0% used [0x00000007abb00000,0x00000007abb00000,0x00000007abd80000)
 ParOldGen       total 44032K, used 3243K [0x0000000780000000, 0x0000000782b00000, 0x00000007aab00000)
  object space 44032K, 7% used [0x0000000780000000,0x000000078032aca0,0x0000000782b00000)
 Metaspace       used 9382K, capacity 9552K, committed 9728K, reserved 1058816K
  class space    used 1127K, capacity 1180K, committed 1280K, reserved 1048576K
}
Event: 43.413 GC heap before
{Heap before GC invocations=3 (full 0):
 PSYoungGen      total 18944K, used 16326K [0x00000007aab00000, 0x00000007ad000000, 0x00000007c0000000)
  eden space 16384K, 87% used [0x00000007aab00000,0x00000007ab8ed918,0x00000007abb00000)
  from space 2560K, 80% used [0x00000007abd80000,0x00000007abf84010,0x00000007ac000000)
  to   space 2560K, 0% used [0x00000007abb00000,0x00000007abb00000,0x00000007abd80000)
 ParOldGen       total 44032K, used 3243K [0x0000000780000000, 0x0000000782b00000, 0x00000007aab00000)
  object space 44032K, 7% used [0x0000000780000000,0x000000078032aca0,0x0000000782b00000)
 Metaspace       used 9384K, capacity 9552K, committed 9728K, reserved 1058816K
  class space    used 1127K, capacity 1180K, committed 1280K, reserved 1048576K
Event: 43.444 GC heap after
Heap after GC invocations=3 (full 0):
 PSYoungGen      total 18944K, used 2096K [0x00000007aab00000, 0x00000007ad000000, 0x00000007c0000000)
  eden space 16384K, 0% used [0x00000007aab00000,0x00000007aab00000,0x00000007abb00000)
  from space 2560K, 81% used [0x00000007abb00000,0x00000007abd0c010,0x00000007abd80000)
  to   space 2560K, 0% used [0x00000007acd80000,0x00000007acd80000,0x00000007ad000000)
 ParOldGen       total 44032K, used 22558K [0x0000000780000000, 0x0000000782b00000, 0x00000007aab00000)
  object space 44032K, 51% used [0x0000000780000000,0x0000000781607860,0x0000000782b00000)
 Metaspace       used 9384K, capacity 9552K, committed 9728K, reserved 1058816K
  class space    used 1127K, capacity 1180K, committed 1280K, reserved 1048576K
}
Event: 49.074 GC heap before
{Heap before GC invocations=4 (full 1):
 PSYoungGen      total 18944K, used 15845K [0x00000007aab00000, 0x00000007ad000000, 0x00000007c0000000)
  eden space 16384K, 83% used [0x00000007aab00000,0x00000007ab86d6a0,0x00000007abb00000)
  from space 2560K, 81% used [0x00000007abb00000,0x00000007abd0c010,0x00000007abd80000)
  to   space 2560K, 0% used [0x00000007acd80000,0x00000007acd80000,0x00000007ad000000)
 ParOldGen       total 44032K, used 28996K [0x0000000780000000, 0x0000000782b00000, 0x00000007aab00000)
  object space 44032K, 65% used [0x0000000780000000,0x0000000781c511a0,0x0000000782b00000)
 Metaspace       used 9395K, capacity 9552K, committed 9728K, reserved 1058816K
  class space    used 1127K, capacity 1180K, committed 1280K, reserved 1048576K
Event: 49.245 GC heap after
Heap after GC invocations=4 (full 1):
 PSYoungGen      total 18944K, used 0K [0x00000007aab00000, 0x00000007ad000000, 0x00000007c0000000)
  eden space 16384K, 0% used [0x00000007aab00000,0x00000007aab00000,0x00000007abb00000)
  from space 2560K, 0% used [0x00000007abb00000,0x00000007abb00000,0x00000007abd80000)
  to   space 2560K, 0% used [0x00000007acd80000,0x00000007acd80000,0x00000007ad000000)
 ParOldGen       total 50688K, used 11633K [0x0000000780000000, 0x0000000783180000, 0x00000007aab00000)
  object space 50688K, 22% used [0x0000000780000000,0x0000000780b5c7a8,0x0000000783180000)
 Metaspace       used 9394K, capacity 9550K, committed 9728K, reserved 1058816K
  class space    used 1126K, capacity 1179K, committed 1280K, reserved 1048576K
}

Deoptimization events (10 events):
Event: 36.945 Thread 0x00007fbcd4004800 Uncommon trap: reason=bimorphic action=maybe_recompile pc=0x0000000106605828 method=sun.java2d.SunGraphics2D.validateColor()V @ 95
Event: 36.945 Thread 0x00007fbcd4004800 Uncommon trap: reason=class_check action=maybe_recompile pc=0x00000001065bf6d8 method=sun.java2d.loops.SurfaceType.pixelFor(ILjava/awt/image/ColorModel;)I @ 6
Event: 36.950 Thread 0x00007fbcd4004800 Uncommon trap: reason=bimorphic action=maybe_recompile pc=0x0000000106605828 method=sun.java2d.SunGraphics2D.validateColor()V @ 95
Event: 36.950 Thread 0x00007fbcd4004800 Uncommon trap: reason=class_check action=maybe_recompile pc=0x00000001065bf6d8 method=sun.java2d.loops.SurfaceType.pixelFor(ILjava/awt/image/ColorModel;)I @ 6
Event: 37.060 Thread 0x00007fbcd4004800 Uncommon trap: reason=bimorphic action=maybe_recompile pc=0x0000000106605828 method=sun.java2d.SunGraphics2D.validateColor()V @ 95
Event: 37.060 Thread 0x00007fbcd4004800 Uncommon trap: reason=class_check action=maybe_recompile pc=0x00000001065bf6d8 method=sun.java2d.loops.SurfaceType.pixelFor(ILjava/awt/image/ColorModel;)I @ 6
Event: 37.113 Thread 0x00007fbcd4004800 Uncommon trap: reason=unreached action=reinterpret pc=0x00000001065cde38 method=sun.java2d.pipe.BufferedContext.validate(Lsun/java2d/pipe/hw/AccelSurface;Lsun/java2d/pipe/hw/AccelSurface;Lsun/java2d/pipe/Region;Ljava/awt/Composite;Ljava/awt/geom/AffineTra
Event: 37.666 Thread 0x00007fbcd4004800 Uncommon trap: reason=bimorphic action=maybe_recompile pc=0x0000000106605828 method=sun.java2d.SunGraphics2D.validateColor()V @ 95
Event: 37.667 Thread 0x00007fbcd4004800 Uncommon trap: reason=class_check action=maybe_recompile pc=0x00000001065bf6d8 method=sun.java2d.loops.SurfaceType.pixelFor(ILjava/awt/image/ColorModel;)I @ 6
Event: 37.882 Thread 0x00007fbcd4004800 Uncommon trap: reason=bimorphic action=maybe_recompile pc=0x00000001065bf114 method=sun.java2d.SunGraphics2D.validateColor()V @ 95

Internal exceptions (10 events):
Event: 0.845 Thread 0x00007fbcd4004800 Exception <a 'java/security/PrivilegedActionException'> (0x00000007aaef9a98) thrown at [/Users/java_re/workspace/8-2-build-macosx-x86_64/jdk8u31/2394/hotspot/src/share/vm/prims/jvm.cpp, line 1312]
Event: 0.846 Thread 0x00007fbcd4004800 Exception <a 'java/security/PrivilegedActionException'> (0x00000007aaf007a0) thrown at [/Users/java_re/workspace/8-2-build-macosx-x86_64/jdk8u31/2394/hotspot/src/share/vm/prims/jvm.cpp, line 1312]
Event: 0.847 Thread 0x00007fbcd4004800 Exception <a 'java/security/PrivilegedActionException'> (0x00000007aaf02de8) thrown at [/Users/java_re/workspace/8-2-build-macosx-x86_64/jdk8u31/2394/hotspot/src/share/vm/prims/jvm.cpp, line 1312]
Event: 0.850 Thread 0x00007fbcd4004800 Exception <a 'java/security/PrivilegedActionException'> (0x00000007aaf07358) thrown at [/Users/java_re/workspace/8-2-build-macosx-x86_64/jdk8u31/2394/hotspot/src/share/vm/prims/jvm.cpp, line 1312]
Event: 0.852 Thread 0x00007fbcd4004800 Exception <a 'java/security/PrivilegedActionException'> (0x00000007aaf09b88) thrown at [/Users/java_re/workspace/8-2-build-macosx-x86_64/jdk8u31/2394/hotspot/src/share/vm/prims/jvm.cpp, line 1312]
Event: 0.852 Thread 0x00007fbcd4004800 Exception <a 'java/security/PrivilegedActionException'> (0x00000007aaf0b7b0) thrown at [/Users/java_re/workspace/8-2-build-macosx-x86_64/jdk8u31/2394/hotspot/src/share/vm/prims/jvm.cpp, line 1312]
Event: 0.853 Thread 0x00007fbcd4004800 Exception <a 'java/security/PrivilegedActionException'> (0x00000007aaf0e1f8) thrown at [/Users/java_re/workspace/8-2-build-macosx-x86_64/jdk8u31/2394/hotspot/src/share/vm/prims/jvm.cpp, line 1312]
Event: 0.856 Thread 0x00007fbcd4004800 Exception <a 'java/security/PrivilegedActionException'> (0x00000007aaf0ff80) thrown at [/Users/java_re/workspace/8-2-build-macosx-x86_64/jdk8u31/2394/hotspot/src/share/vm/prims/jvm.cpp, line 1312]
Event: 36.910 Thread 0x00007fbcd4819000 Exception <a 'java/lang/NullPointerException'> (0x00000007aae76b70) thrown at [/Users/java_re/workspace/8-2-build-macosx-x86_64/jdk8u31/2394/hotspot/src/share/vm/interpreter/linkResolver.cpp, line 1178]
Event: 37.113 Thread 0x00007fbcd4004800 Implicit null exception at 0x00000001065cd3e3 to 0x00000001065cde19

Events (10 events):
Event: 37.667 Thread 0x00007fbcd4004800 DEOPT UNPACKING pc=0x0000000106323f69 sp=0x0000700000219440 mode 2
Event: 37.882 Thread 0x00007fbcd4004800 Uncommon trap: trap_request=0xffffffc6 fr.pc=0x00000001065bf114
Event: 37.882 Thread 0x00007fbcd4004800 DEOPT PACKING pc=0x00000001065bf114 sp=0x0000700000219570
Event: 37.882 Thread 0x00007fbcd4004800 DEOPT UNPACKING pc=0x0000000106323f69 sp=0x0000700000219510 mode 2
Event: 43.401 Executing VM operation: ParallelGCFailedAllocation
Event: 43.445 Executing VM operation: ParallelGCFailedAllocation done
Event: 49.011 Executing VM operation: ParallelGCFailedAllocation
Event: 49.011 Executing VM operation: ParallelGCFailedAllocation done
Event: 49.064 Executing VM operation: ParallelGCSystemGC
Event: 49.245 Executing VM operation: ParallelGCSystemGC done


Dynamic libraries:
0x0000000000299000 	/System/Library/Frameworks/Cocoa.framework/Versions/A/Cocoa
0x0000000000299000 	/System/Library/Frameworks/Security.framework/Versions/A/Security
0x0000000000299000 	/System/Library/Frameworks/ApplicationServices.framework/Versions/A/ApplicationServices
0x0000000000299000 	/usr/lib/libz.1.dylib
0x0000000000299000 	/usr/lib/libSystem.B.dylib
0x0000000000299000 	/usr/lib/libobjc.A.dylib
0x0000000000299000 	/System/Library/Frameworks/CoreFoundation.framework/Versions/A/CoreFoundation
0x0000000000299000 	/System/Library/Frameworks/Foundation.framework/Versions/C/Foundation
0x0000000000299000 	/System/Library/Frameworks/AppKit.framework/Versions/C/AppKit
0x0000000000299000 	/System/Library/Frameworks/CoreData.framework/Versions/A/CoreData
0x0000000000299000 	/System/Library/PrivateFrameworks/RemoteViewServices.framework/Versions/A/RemoteViewServices
0x0000000000299000 	/System/Library/PrivateFrameworks/UIFoundation.framework/Versions/A/UIFoundation
0x0000000000299000 	/usr/lib/libScreenReader.dylib
0x0000000000299000 	/System/Library/Frameworks/Accelerate.framework/Versions/A/Accelerate
0x0000000000299000 	/System/Library/Frameworks/IOSurface.framework/Versions/A/IOSurface
0x0000000000299000 	/System/Library/Frameworks/AudioToolbox.framework/Versions/A/AudioToolbox
0x0000000000299000 	/System/Library/Frameworks/AudioUnit.framework/Versions/A/AudioUnit
0x0000000000299000 	/System/Library/PrivateFrameworks/DataDetectorsCore.framework/Versions/A/DataDetectorsCore
0x0000000000299000 	/System/Library/PrivateFrameworks/DesktopServicesPriv.framework/Versions/A/DesktopServicesPriv
0x0000000000299000 	/System/Library/Frameworks/Carbon.framework/Versions/A/Frameworks/HIToolbox.framework/Versions/A/HIToolbox
0x0000000000299000 	/System/Library/Frameworks/QuartzCore.framework/Versions/A/QuartzCore
0x0000000000299000 	/System/Library/Frameworks/Carbon.framework/Versions/A/Frameworks/SpeechRecognition.framework/Versions/A/SpeechRecognition
0x0000000000299000 	/usr/lib/libauto.dylib
0x0000000000299000 	/usr/lib/libicucore.A.dylib
0x0000000000299000 	/usr/lib/libxml2.2.dylib
0x0000000000299000 	/System/Library/PrivateFrameworks/CoreUI.framework/Versions/A/CoreUI
0x0000000000299000 	/System/Library/Frameworks/CoreAudio.framework/Versions/A/CoreAudio
0x0000000000299000 	/System/Library/Frameworks/DiskArbitration.framework/Versions/A/DiskArbitration
0x0000000000299000 	/usr/lib/liblangid.dylib
0x0000000000299000 	/System/Library/PrivateFrameworks/MultitouchSupport.framework/Versions/A/MultitouchSupport
0x0000000000299000 	/System/Library/Frameworks/IOKit.framework/Versions/A/IOKit
0x0000000000299000 	/usr/lib/libDiagnosticMessagesClient.dylib
0x0000000000299000 	/System/Library/Frameworks/CoreServices.framework/Versions/A/CoreServices
0x0000000000299000 	/System/Library/PrivateFrameworks/PerformanceAnalysis.framework/Versions/A/PerformanceAnalysis
0x0000000000299000 	/System/Library/PrivateFrameworks/GenerationalStorage.framework/Versions/A/GenerationalStorage
0x0000000000299000 	/System/Library/Frameworks/OpenGL.framework/Versions/A/OpenGL
0x0000000000299000 	/System/Library/PrivateFrameworks/Sharing.framework/Versions/A/Sharing
0x0000000000299000 	/System/Library/Frameworks/CoreGraphics.framework/Versions/A/CoreGraphics
0x0000000000299000 	/System/Library/Frameworks/CoreImage.framework/Versions/A/CoreImage
0x0000000000299000 	/System/Library/Frameworks/CoreText.framework/Versions/A/CoreText
0x0000000000299000 	/System/Library/Frameworks/ImageIO.framework/Versions/A/ImageIO
0x0000000000299000 	/System/Library/PrivateFrameworks/Backup.framework/Versions/A/Backup
0x0000000000299000 	/usr/lib/libextension.dylib
0x0000000000299000 	/usr/lib/libarchive.2.dylib
0x0000000000299000 	/System/Library/Frameworks/CFNetwork.framework/Versions/A/CFNetwork
0x0000000000299000 	/System/Library/Frameworks/SystemConfiguration.framework/Versions/A/SystemConfiguration
0x0000000000299000 	/usr/lib/libCRFSuite.dylib
0x0000000000299000 	/usr/lib/libc++.1.dylib
0x0000000000299000 	/usr/lib/libc++abi.dylib
0x0000000000299000 	/usr/lib/system/libcache.dylib
0x0000000000299000 	/usr/lib/system/libcommonCrypto.dylib
0x0000000000299000 	/usr/lib/system/libcompiler_rt.dylib
0x0000000000299000 	/usr/lib/system/libcopyfile.dylib
0x0000000000299000 	/usr/lib/system/libcorecrypto.dylib
0x0000000000299000 	/usr/lib/system/libdispatch.dylib
0x0000000000299000 	/usr/lib/system/libdyld.dylib
0x0000000000299000 	/usr/lib/system/libkeymgr.dylib
0x0000000000299000 	/usr/lib/system/liblaunch.dylib
0x0000000000299000 	/usr/lib/system/libmacho.dylib
0x0000000000299000 	/usr/lib/system/libquarantine.dylib
0x0000000000299000 	/usr/lib/system/libremovefile.dylib
0x0000000000299000 	/usr/lib/system/libsystem_asl.dylib
0x0000000000299000 	/usr/lib/system/libsystem_blocks.dylib
0x0000000000299000 	/usr/lib/system/libsystem_c.dylib
0x0000000000299000 	/usr/lib/system/libsystem_configuration.dylib
0x0000000000299000 	/usr/lib/system/libsystem_coreservices.dylib
0x0000000000299000 	/usr/lib/system/libsystem_coretls.dylib
0x0000000000299000 	/usr/lib/system/libsystem_dnssd.dylib
0x0000000000299000 	/usr/lib/system/libsystem_info.dylib
0x0000000000299000 	/usr/lib/system/libsystem_kernel.dylib
0x0000000000299000 	/usr/lib/system/libsystem_m.dylib
0x0000000000299000 	/usr/lib/system/libsystem_malloc.dylib
0x0000000000299000 	/usr/lib/system/libsystem_network.dylib
0x0000000000299000 	/usr/lib/system/libsystem_networkextension.dylib
0x0000000000299000 	/usr/lib/system/libsystem_notify.dylib
0x0000000000299000 	/usr/lib/system/libsystem_platform.dylib
0x0000000000299000 	/usr/lib/system/libsystem_pthread.dylib
0x0000000000299000 	/usr/lib/system/libsystem_sandbox.dylib
0x0000000000299000 	/usr/lib/system/libsystem_secinit.dylib
0x0000000000299000 	/usr/lib/system/libsystem_trace.dylib
0x0000000000299000 	/usr/lib/system/libunc.dylib
0x0000000000299000 	/usr/lib/system/libunwind.dylib
0x0000000000299000 	/usr/lib/system/libxpc.dylib
0x0000000000299000 	/usr/lib/libenergytrace.dylib
0x0000000000299000 	/usr/lib/libbsm.0.dylib
0x0000000000299000 	/usr/lib/system/libkxld.dylib
0x0000000000299000 	/usr/lib/libxar.1.dylib
0x0000000000299000 	/usr/lib/libsqlite3.dylib
0x0000000000299000 	/usr/lib/libpam.2.dylib
0x0000000000299000 	/usr/lib/libOpenScriptingUtil.dylib
0x0000000000299000 	/usr/lib/libbz2.1.0.dylib
0x0000000000299000 	/usr/lib/liblzma.5.dylib
0x0000000000299000 	/System/Library/Frameworks/CoreServices.framework/Versions/A/Frameworks/FSEvents.framework/Versions/A/FSEvents
0x0000000000299000 	/System/Library/Frameworks/CoreServices.framework/Versions/A/Frameworks/CarbonCore.framework/Versions/A/CarbonCore
0x0000000000299000 	/System/Library/Frameworks/CoreServices.framework/Versions/A/Frameworks/Metadata.framework/Versions/A/Metadata
0x0000000000299000 	/System/Library/Frameworks/CoreServices.framework/Versions/A/Frameworks/OSServices.framework/Versions/A/OSServices
0x0000000000299000 	/System/Library/Frameworks/CoreServices.framework/Versions/A/Frameworks/SearchKit.framework/Versions/A/SearchKit
0x0000000000299000 	/System/Library/Frameworks/CoreServices.framework/Versions/A/Frameworks/AE.framework/Versions/A/AE
0x0000000000299000 	/System/Library/Frameworks/CoreServices.framework/Versions/A/Frameworks/LaunchServices.framework/Versions/A/LaunchServices
0x0000000000299000 	/System/Library/Frameworks/CoreServices.framework/Versions/A/Frameworks/DictionaryServices.framework/Versions/A/DictionaryServices
0x0000000000299000 	/System/Library/Frameworks/CoreServices.framework/Versions/A/Frameworks/SharedFileList.framework/Versions/A/SharedFileList
0x0000000000299000 	/System/Library/Frameworks/NetFS.framework/Versions/A/NetFS
0x0000000000299000 	/System/Library/PrivateFrameworks/NetAuth.framework/Versions/A/NetAuth
0x0000000000299000 	/System/Library/PrivateFrameworks/login.framework/Versions/A/Frameworks/loginsupport.framework/Versions/A/loginsupport
0x0000000000299000 	/System/Library/PrivateFrameworks/TCC.framework/Versions/A/TCC
0x0000000000299000 	/usr/lib/libmecabra.dylib
0x0000000000299000 	/System/Library/Frameworks/ApplicationServices.framework/Versions/A/Frameworks/ATS.framework/Versions/A/ATS
0x0000000000299000 	/System/Library/Frameworks/ApplicationServices.framework/Versions/A/Frameworks/ColorSync.framework/Versions/A/ColorSync
0x0000000000299000 	/System/Library/Frameworks/ApplicationServices.framework/Versions/A/Frameworks/HIServices.framework/Versions/A/HIServices
0x0000000000299000 	/System/Library/Frameworks/ApplicationServices.framework/Versions/A/Frameworks/LangAnalysis.framework/Versions/A/LangAnalysis
0x0000000000299000 	/System/Library/Frameworks/ApplicationServices.framework/Versions/A/Frameworks/PrintCore.framework/Versions/A/PrintCore
0x0000000000299000 	/System/Library/Frameworks/ApplicationServices.framework/Versions/A/Frameworks/QD.framework/Versions/A/QD
0x0000000000299000 	/System/Library/Frameworks/ApplicationServices.framework/Versions/A/Frameworks/SpeechSynthesis.framework/Versions/A/SpeechSynthesis
0x0000000000299000 	/System/Library/Frameworks/Metal.framework/Versions/A/Metal
0x0000000000299000 	/System/Library/Frameworks/Accelerate.framework/Versions/A/Frameworks/vImage.framework/Versions/A/vImage
0x0000000000299000 	/System/Library/Frameworks/Accelerate.framework/Versions/A/Frameworks/vecLib.framework/Versions/A/vecLib
0x0000000000299000 	/System/Library/Frameworks/Accelerate.framework/Versions/A/Frameworks/vecLib.framework/Versions/A/libvDSP.dylib
0x0000000000299000 	/System/Library/Frameworks/Accelerate.framework/Versions/A/Frameworks/vecLib.framework/Versions/A/libvMisc.dylib
0x0000000000299000 	/System/Library/Frameworks/Accelerate.framework/Versions/A/Frameworks/vecLib.framework/Versions/A/libLAPACK.dylib
0x0000000000299000 	/System/Library/Frameworks/Accelerate.framework/Versions/A/Frameworks/vecLib.framework/Versions/A/libBLAS.dylib
0x0000000000299000 	/System/Library/Frameworks/Accelerate.framework/Versions/A/Frameworks/vecLib.framework/Versions/A/libLinearAlgebra.dylib
0x0000000000299000 	/System/Library/Frameworks/Accelerate.framework/Versions/A/Frameworks/vecLib.framework/Versions/A/libSparseBLAS.dylib
0x0000000000299000 	/System/Library/PrivateFrameworks/GPUCompiler.framework/libmetal_timestamp.dylib
0x0000000000299000 	/System/Library/Frameworks/OpenGL.framework/Versions/A/Libraries/libCoreFSCache.dylib
0x0000000000299000 	/System/Library/PrivateFrameworks/IOAccelerator.framework/Versions/A/IOAccelerator
0x0000000000299000 	/System/Library/Frameworks/ApplicationServices.framework/Versions/A/Frameworks/ATS.framework/Versions/A/Resources/libFontParser.dylib
0x0000000000299000 	/System/Library/Frameworks/ApplicationServices.framework/Versions/A/Frameworks/ATS.framework/Versions/A/Resources/libFontRegistry.dylib
0x0000000000299000 	/System/Library/PrivateFrameworks/AppleVPA.framework/Versions/A/AppleVPA
0x0000000000299000 	/System/Library/PrivateFrameworks/AppleJPEG.framework/Versions/A/AppleJPEG
0x0000000000299000 	/System/Library/Frameworks/ImageIO.framework/Versions/A/Resources/libJPEG.dylib
0x0000000000299000 	/System/Library/Frameworks/ImageIO.framework/Versions/A/Resources/libTIFF.dylib
0x0000000000299000 	/System/Library/Frameworks/ImageIO.framework/Versions/A/Resources/libPng.dylib
0x0000000000299000 	/System/Library/Frameworks/ImageIO.framework/Versions/A/Resources/libGIF.dylib
0x0000000000299000 	/System/Library/Frameworks/ImageIO.framework/Versions/A/Resources/libJP2.dylib
0x0000000000299000 	/System/Library/Frameworks/ImageIO.framework/Versions/A/Resources/libRadiance.dylib
0x0000000000299000 	/System/Library/Frameworks/CoreVideo.framework/Versions/A/CoreVideo
0x0000000000299000 	/System/Library/Frameworks/OpenGL.framework/Versions/A/Libraries/libGLU.dylib
0x0000000000299000 	/System/Library/Frameworks/OpenGL.framework/Versions/A/Libraries/libGFXShared.dylib
0x0000000000299000 	/System/Library/Frameworks/OpenGL.framework/Versions/A/Libraries/libGL.dylib
0x0000000000299000 	/System/Library/Frameworks/OpenGL.framework/Versions/A/Libraries/libGLImage.dylib
0x0000000000299000 	/System/Library/Frameworks/OpenGL.framework/Versions/A/Libraries/libCVMSPluginSupport.dylib
0x0000000000299000 	/System/Library/Frameworks/OpenGL.framework/Versions/A/Libraries/libCoreVMClient.dylib
0x0000000000299000 	/usr/lib/libcups.2.dylib
0x0000000000299000 	/System/Library/Frameworks/Kerberos.framework/Versions/A/Kerberos
0x0000000000299000 	/System/Library/Frameworks/GSS.framework/Versions/A/GSS
0x0000000000299000 	/usr/lib/libresolv.9.dylib
0x0000000000299000 	/usr/lib/libiconv.2.dylib
0x0000000000299000 	/System/Library/PrivateFrameworks/Heimdal.framework/Versions/A/Heimdal
0x0000000000299000 	/usr/lib/libheimdal-asn1.dylib
0x0000000000299000 	/System/Library/Frameworks/OpenDirectory.framework/Versions/A/OpenDirectory
0x0000000000299000 	/System/Library/PrivateFrameworks/CommonAuth.framework/Versions/A/CommonAuth
0x0000000000299000 	/System/Library/Frameworks/OpenDirectory.framework/Versions/A/Frameworks/CFOpenDirectory.framework/Versions/A/CFOpenDirectory
0x0000000000299000 	/System/Library/Frameworks/SecurityFoundation.framework/Versions/A/SecurityFoundation
0x0000000000299000 	/System/Library/PrivateFrameworks/LanguageModeling.framework/Versions/A/LanguageModeling
0x0000000000299000 	/usr/lib/libmarisa.dylib
0x0000000000299000 	/usr/lib/libChineseTokenizer.dylib
0x0000000000299000 	/usr/lib/libcmph.dylib
0x0000000000299000 	/usr/lib/libcompression.dylib
0x0000000000299000 	/System/Library/Frameworks/ServiceManagement.framework/Versions/A/ServiceManagement
0x0000000000299000 	/usr/lib/libxslt.1.dylib
0x0000000000299000 	/System/Library/Frameworks/Carbon.framework/Versions/A/Frameworks/Ink.framework/Versions/A/Ink
0x0000000000299000 	/usr/lib/libFosl_dynamic.dylib
0x0000000000299000 	/System/Library/PrivateFrameworks/FaceCore.framework/Versions/A/FaceCore
0x0000000000299000 	/System/Library/Frameworks/OpenCL.framework/Versions/A/OpenCL
0x0000000000299000 	/System/Library/PrivateFrameworks/CrashReporterSupport.framework/Versions/A/CrashReporterSupport
0x0000000000299000 	/System/Library/PrivateFrameworks/IconServices.framework/Versions/A/IconServices
0x0000000000299000 	/System/Library/PrivateFrameworks/Apple80211.framework/Versions/A/Apple80211
0x0000000000299000 	/System/Library/Frameworks/CoreWLAN.framework/Versions/A/CoreWLAN
0x0000000000299000 	/System/Library/Frameworks/IOBluetooth.framework/Versions/A/IOBluetooth
0x0000000000299000 	/System/Library/PrivateFrameworks/CoreWiFi.framework/Versions/A/CoreWiFi
0x0000000000299000 	/System/Library/Frameworks/CoreBluetooth.framework/Versions/A/CoreBluetooth
0x0000000000299000 	/System/Library/PrivateFrameworks/ChunkingLibrary.framework/Versions/A/ChunkingLibrary
0x0000000000299000 	/System/Library/PrivateFrameworks/DebugSymbols.framework/Versions/A/DebugSymbols
0x0000000000299000 	/System/Library/PrivateFrameworks/CoreSymbolication.framework/Versions/A/CoreSymbolication
0x0000000000299000 	/System/Library/PrivateFrameworks/Symbolication.framework/Versions/A/Symbolication
0x0000000000299000 	/System/Library/PrivateFrameworks/SpeechRecognitionCore.framework/Versions/A/SpeechRecognitionCore
0x0000000105400000 	/Library/Java/JavaVirtualMachines/jdk1.8.0_31.jdk/Contents/Home/jre/lib/server/libjvm.dylib
0x0000000000299000 	/usr/lib/libstdc++.6.dylib
0x0000000104a85000 	/Library/Java/JavaVirtualMachines/jdk1.8.0_31.jdk/Contents/Home/jre/lib/libverify.dylib
0x0000000104a93000 	/Library/Java/JavaVirtualMachines/jdk1.8.0_31.jdk/Contents/Home/jre/lib/libjava.dylib
0x0000000104ad1000 	/Library/Java/JavaVirtualMachines/jdk1.8.0_31.jdk/Contents/Home/jre/lib/libzip.dylib
0x0000000119609000 	/System/Library/Frameworks/JavaVM.framework/Frameworks/JavaRuntimeSupport.framework/JavaRuntimeSupport
0x0000000104be8000 	/System/Library/Frameworks/JavaVM.framework/Versions/A/Frameworks/JavaNativeFoundation.framework/Versions/A/JavaNativeFoundation
0x0000000119624000 	/System/Library/Frameworks/JavaVM.framework/Versions/A/JavaVM
0x0000000000299000 	/System/Library/Frameworks/Carbon.framework/Versions/A/Carbon
0x0000000119631000 	/System/Library/PrivateFrameworks/JavaLaunching.framework/Versions/A/JavaLaunching
0x0000000000299000 	/System/Library/Frameworks/Carbon.framework/Versions/A/Frameworks/CommonPanels.framework/Versions/A/CommonPanels
0x0000000000299000 	/System/Library/Frameworks/Carbon.framework/Versions/A/Frameworks/Help.framework/Versions/A/Help
0x0000000000299000 	/System/Library/Frameworks/Carbon.framework/Versions/A/Frameworks/ImageCapture.framework/Versions/A/ImageCapture
0x0000000000299000 	/System/Library/Frameworks/Carbon.framework/Versions/A/Frameworks/OpenScripting.framework/Versions/A/OpenScripting
0x0000000000299000 	/System/Library/Frameworks/Carbon.framework/Versions/A/Frameworks/Print.framework/Versions/A/Print
0x0000000000299000 	/System/Library/Frameworks/Carbon.framework/Versions/A/Frameworks/SecurityHI.framework/Versions/A/SecurityHI
0x000000011af53000 	/Library/Java/JavaVirtualMachines/jdk1.8.0_31.jdk/Contents/Home/jre/lib/libawt.dylib
0x000000011b002000 	/Library/Java/JavaVirtualMachines/jdk1.8.0_31.jdk/Contents/Home/jre/lib/./libmlib_image.dylib
0x000000011b0ce000 	/Library/Java/JavaVirtualMachines/jdk1.8.0_31.jdk/Contents/Home/jre/lib/libawt_lwawt.dylib
0x000000011b181000 	/Library/Java/JavaVirtualMachines/jdk1.8.0_31.jdk/Contents/Home/jre/lib/./libosxapp.dylib
0x0000000000299000 	/System/Library/Frameworks/ExceptionHandling.framework/Versions/A/ExceptionHandling
0x0000000000299000 	/System/Library/PrivateFrameworks/CoreServicesInternal.framework/Versions/A/CoreServicesInternal
0x0000000000299000 	/System/Library/Frameworks/CoreGraphics.framework/Versions/A/Resources/libRIP.A.dylib
0x0000000000299000 	/System/Library/Frameworks/Accelerate.framework/Versions/A/Frameworks/vImage.framework/Versions/A/Libraries/libCGInterfaces.dylib
0x0000000000299000 	/System/Library/Frameworks/CoreGraphics.framework/Versions/A/Resources/libCGXType.A.dylib
0x0000000000299000 	/System/Library/Frameworks/OpenCL.framework/Versions/A/Libraries/libcldcpuengine.dylib
0x0000000000299000 	/System/Library/PrivateFrameworks/DiskImages.framework/Versions/A/DiskImages
0x0000000000299000 	/System/Library/Frameworks/DiscRecording.framework/Versions/A/DiscRecording
0x0000000000299000 	/usr/lib/libcsfde.dylib
0x0000000000299000 	/usr/lib/libcurl.4.dylib
0x0000000000299000 	/System/Library/PrivateFrameworks/MediaKit.framework/Versions/A/MediaKit
0x0000000000299000 	/System/Library/PrivateFrameworks/ProtectedCloudStorage.framework/Versions/A/ProtectedCloudStorage
0x0000000000299000 	/usr/lib/libCoreStorage.dylib
0x0000000000299000 	/System/Library/PrivateFrameworks/EFILogin.framework/Versions/A/EFILogin
0x0000000000299000 	/usr/lib/libutil.dylib
0x0000000000299000 	/System/Library/PrivateFrameworks/FindMyDevice.framework/Versions/A/FindMyDevice
0x0000000000299000 	/System/Library/Frameworks/LDAP.framework/Versions/A/LDAP
0x0000000000299000 	/usr/lib/libsasl2.2.dylib
0x0000000000299000 	/System/Library/PrivateFrameworks/CoreDaemon.framework/Versions/B/CoreDaemon
0x0000000000299000 	/usr/lib/libcrypto.0.9.8.dylib
0x0000000000299000 	/System/Library/PrivateFrameworks/AppleSRP.framework/Versions/A/AppleSRP
0x0000000000299000 	/System/Library/PrivateFrameworks/TrustEvaluationAgent.framework/Versions/A/TrustEvaluationAgent
0x000000011bc51000 	cl_kernels
0x0000000000299000 	/System/Library/Frameworks/OpenCL.framework/Versions/A/Libraries/ImageFormats/unorm8_bgra.dylib
0x0000000000299000 	/System/Library/Frameworks/OpenCL.framework/Versions/A/Libraries/ImageFormats/unorm8_rgba.dylib
0x0000000000299000 	/System/Library/PrivateFrameworks/FamilyControls.framework/Versions/A/FamilyControls
0x0000000000299000 	/System/Library/PrivateFrameworks/CommerceKit.framework/Versions/A/Frameworks/CommerceCore.framework/Versions/A/CommerceCore
0x0000000000299000 	/System/Library/PrivateFrameworks/SystemAdministration.framework/Versions/A/SystemAdministration
0x0000000000299000 	/System/Library/PrivateFrameworks/AppContainer.framework/Versions/A/AppContainer
0x0000000000299000 	/System/Library/PrivateFrameworks/SecCodeWrapper.framework/Versions/A/SecCodeWrapper
0x0000000000299000 	/System/Library/Frameworks/DirectoryService.framework/Versions/A/DirectoryService
0x0000000000299000 	/System/Library/PrivateFrameworks/LoginUIKit.framework/Versions/A/Frameworks/LoginUICore.framework/Versions/A/LoginUICore
0x0000000000299000 	/usr/lib/libodfde.dylib
0x0000000000299000 	/System/Library/Frameworks/OpenGL.framework/Versions/A/Resources/GLEngine.bundle/GLEngine
0x0000000000299000 	/System/Library/Frameworks/OpenGL.framework/Versions/A/Libraries/libGLProgrammability.dylib
0x000000011d9d9000 	/System/Library/Extensions/AppleIntelHD5000GraphicsGLDriver.bundle/Contents/MacOS/AppleIntelHD5000GraphicsGLDriver
0x0000000000299000 	/System/Library/PrivateFrameworks/GPUSupport.framework/Versions/A/Libraries/libGPUSupportMercury.dylib
0x0000000000299000 	/System/Library/Frameworks/OpenGL.framework/Versions/A/Resources/GLRendererFloat.bundle/GLRendererFloat
0x000000011ee2e000 	/Library/Java/JavaVirtualMachines/jdk1.8.0_31.jdk/Contents/Home/jre/lib/libfontmanager.dylib
0x000000011ee95000 	/Library/Java/JavaVirtualMachines/jdk1.8.0_31.jdk/Contents/Home/jre/lib/libosxui.dylib
0x0000000121ca3000 	/System/Library/Extensions/AppleIntelHD5000GraphicsMTLDriver.bundle/Contents/MacOS/AppleIntelHD5000GraphicsMTLDriver
0x00000001233b0000 	/Library/Java/JavaVirtualMachines/jdk1.8.0_31.jdk/Contents/Home/jre/lib/libnet.dylib
0x000000012343e000 	/Library/Java/JavaVirtualMachines/jdk1.8.0_31.jdk/Contents/Home/jre/lib/libnio.dylib
0x0000000000299000 	/System/Library/Frameworks/ApplicationServices.framework/Versions/A/Frameworks/ATS.framework/Versions/A/Resources/libTrueTypeScaler.dylib
0x0000000000299000 	/System/Library/PrivateFrameworks/Shortcut.framework/Versions/A/Shortcut
0x0000000000299000 	/System/Library/PrivateFrameworks/HelpData.framework/Versions/A/HelpData
0x0000000000299000 	/usr/lib/libtidy.A.dylib
0x0000000000299000 	/System/Library/PrivateFrameworks/CloudDocs.framework/Versions/A/CloudDocs
0x0000000000299000 	/System/Library/PrivateFrameworks/CoreDuet.framework/Versions/A/CoreDuet
0x0000000000299000 	/System/Library/Frameworks/CloudKit.framework/Versions/A/CloudKit
0x0000000000299000 	/System/Library/PrivateFrameworks/ProtocolBuffer.framework/Versions/A/ProtocolBuffer
0x0000000000299000 	/System/Library/PrivateFrameworks/CoreDuetDaemonProtocol.framework/Versions/A/CoreDuetDaemonProtocol
0x0000000000299000 	/System/Library/PrivateFrameworks/CoreDuetDebugLogging.framework/Versions/A/CoreDuetDebugLogging
0x0000000000299000 	/System/Library/PrivateFrameworks/MMCS.framework/Versions/A/MMCS
0x0000000000299000 	/System/Library/Frameworks/CoreLocation.framework/Versions/A/CoreLocation
0x0000000000299000 	/System/Library/PrivateFrameworks/AssetCacheServices.framework/Versions/A/AssetCacheServices
0x0000000000299000 	/System/Library/PrivateFrameworks/GeoServices.framework/Versions/A/GeoServices

VM Arguments:
jvm_args: -Dfile.encoding=UTF-8 
java_command: OverallGame.Controller
java_class_path (initial): /Users/sidoti/Dropbox/CISC275/workspace/EstuaryGame_CISC275/bin
Launcher Type: SUN_STANDARD

Environment Variables:
PATH=/usr/bin:/bin:/usr/sbin:/sbin
SHELL=/bin/bash

Signal Handlers:
SIGSEGV: [libjvm.dylib+0x57a0e7], sa_mask[0]=11111111011111110111111111111111, sa_flags=SA_ONSTACK|SA_RESTART|SA_SIGINFO
SIGBUS: [libjvm.dylib+0x57a0e7], sa_mask[0]=11111111011111110111111111111111, sa_flags=SA_RESTART|SA_SIGINFO
SIGFPE: [libjvm.dylib+0x45af24], sa_mask[0]=11111111011111110111111111111111, sa_flags=SA_RESTART|SA_SIGINFO
SIGPIPE: [libjvm.dylib+0x45af24], sa_mask[0]=11111111011111110111111111111111, sa_flags=SA_RESTART|SA_SIGINFO
SIGXFSZ: [libjvm.dylib+0x45af24], sa_mask[0]=11111111011111110111111111111111, sa_flags=SA_RESTART|SA_SIGINFO
SIGILL: [libjvm.dylib+0x45af24], sa_mask[0]=11111111011111110111111111111111, sa_flags=SA_RESTART|SA_SIGINFO
SIGUSR1: SIG_DFL, sa_mask[0]=00000000000000000000000000000000, sa_flags=none
SIGUSR2: [libjvm.dylib+0x45aa42], sa_mask[0]=00100000000000000000000000000000, sa_flags=SA_RESTART|SA_SIGINFO
SIGHUP: [libjvm.dylib+0x459015], sa_mask[0]=11111111011111110111111111111111, sa_flags=SA_RESTART|SA_SIGINFO
SIGINT: [libjvm.dylib+0x459015], sa_mask[0]=11111111011111110111111111111111, sa_flags=SA_RESTART|SA_SIGINFO
SIGTERM: [libjvm.dylib+0x459015], sa_mask[0]=11111111011111110111111111111111, sa_flags=SA_RESTART|SA_SIGINFO
SIGQUIT: [libjvm.dylib+0x459015], sa_mask[0]=11111111011111110111111111111111, sa_flags=SA_RESTART|SA_SIGINFO


---------------  S Y S T E M  ---------------

OS:Bsduname:Darwin 15.4.0 Darwin Kernel Version 15.4.0: Fri Feb 26 22:08:05 PST 2016; root:xnu-3248.40.184~3/RELEASE_X86_64 x86_64
rlimit: STACK 8192k, CORE 0k, NPROC 709, NOFILE 10240, AS infinity
load average:2.39 1.79 1.76

CPU:total 4 (2 cores per cpu, 2 threads per core) family 6 model 69 stepping 1, cmov, cx8, fxsr, mmx, sse, sse2, sse3, ssse3, sse4.1, sse4.2, popcnt, avx, avx2, aes, clmul, erms, lzcnt, ht, tsc, tscinvbit, bmi1, bmi2

Memory: 4k page, physical 4194304k(24936k free)

/proc/meminfo:


vm_info: Java HotSpot(TM) 64-Bit Server VM (25.31-b07) for bsd-amd64 JRE (1.8.0_31-b13), built on Dec 17 2014 20:45:36 by "java_re" with gcc 4.2.1 (Based on Apple Inc. build 5658) (LLVM build 2336.11.00)

time: Tue Apr 26 11:38:31 2016
elapsed time: 49 seconds (0d 0h 0m 49s)

